<?xml version="1.0" encoding="UTF-8" standalone="no"?>
<!DOCTYPE report PUBLIC "-//JACOCO//DTD Report 1.1//EN" "report.dtd"[]>
<report name="Pester (07/14/2025 20:04:29)">
  <sessioninfo id="this" start="1752523462232" dump="1752523469800" />
  <package name="1.0.0">
    <class name="1.0.0/PSDigitalOcean" sourcefilename="PSDigitalOcean.psm1">
      <method name="ToString" desc="()" line="15">
        <counter type="INSTRUCTION" missed="8" covered="0" />
        <counter type="LINE" missed="4" covered="0" />
        <counter type="METHOD" missed="1" covered="0" />
      </method>
      <method name="Team" desc="()" line="77">
        <counter type="INSTRUCTION" missed="0" covered="2" />
        <counter type="LINE" missed="0" covered="2" />
        <counter type="METHOD" missed="0" covered="1" />
      </method>
      <method name="Account" desc="()" line="106">
        <counter type="INSTRUCTION" missed="0" covered="9" />
        <counter type="LINE" missed="0" covered="9" />
        <counter type="METHOD" missed="0" covered="1" />
      </method>
      <method name="Root" desc="()" line="124">
        <counter type="INSTRUCTION" missed="0" covered="1" />
        <counter type="LINE" missed="0" covered="1" />
        <counter type="METHOD" missed="0" covered="1" />
      </method>
      <method name="Get-DigitalOceanAPIAuthorizationBearerToken" desc="()" line="157">
        <counter type="INSTRUCTION" missed="1" covered="0" />
        <counter type="LINE" missed="1" covered="0" />
        <counter type="METHOD" missed="1" covered="0" />
      </method>
      <method name="Invoke-DigitalOceanAPI" desc="()" line="215">
        <counter type="INSTRUCTION" missed="26" covered="0" />
        <counter type="LINE" missed="15" covered="0" />
        <counter type="METHOD" missed="1" covered="0" />
      </method>
      <method name="Get-DigitalOceanAccount" desc="()" line="300">
        <counter type="INSTRUCTION" missed="3" covered="105" />
        <counter type="LINE" missed="0" covered="64" />
        <counter type="METHOD" missed="0" covered="1" />
      </method>
      <counter type="INSTRUCTION" missed="38" covered="117" />
      <counter type="LINE" missed="20" covered="76" />
      <counter type="METHOD" missed="3" covered="4" />
      <counter type="CLASS" missed="1" covered="0" />
    </class>
    <sourcefile name="PSDigitalOcean.psm1">
      <line nr="15" mi="2" ci="0" mb="0" cb="0" />
      <line nr="32" mi="2" ci="0" mb="0" cb="0" />
      <line nr="48" mi="2" ci="0" mb="0" cb="0" />
      <line nr="64" mi="2" ci="0" mb="0" cb="0" />
      <line nr="77" mi="0" ci="1" mb="0" cb="0" />
      <line nr="78" mi="0" ci="1" mb="0" cb="0" />
      <line nr="106" mi="0" ci="1" mb="0" cb="0" />
      <line nr="107" mi="0" ci="1" mb="0" cb="0" />
      <line nr="108" mi="0" ci="1" mb="0" cb="0" />
      <line nr="109" mi="0" ci="1" mb="0" cb="0" />
      <line nr="110" mi="0" ci="1" mb="0" cb="0" />
      <line nr="111" mi="0" ci="1" mb="0" cb="0" />
      <line nr="112" mi="0" ci="1" mb="0" cb="0" />
      <line nr="113" mi="0" ci="1" mb="0" cb="0" />
      <line nr="114" mi="0" ci="1" mb="0" cb="0" />
      <line nr="124" mi="0" ci="1" mb="0" cb="0" />
      <line nr="157" mi="1" ci="0" mb="0" cb="0" />
      <line nr="215" mi="1" ci="0" mb="0" cb="0" />
      <line nr="217" mi="1" ci="0" mb="0" cb="0" />
      <line nr="219" mi="1" ci="0" mb="0" cb="0" />
      <line nr="222" mi="1" ci="0" mb="0" cb="0" />
      <line nr="223" mi="1" ci="0" mb="0" cb="0" />
      <line nr="224" mi="2" ci="0" mb="0" cb="0" />
      <line nr="227" mi="1" ci="0" mb="0" cb="0" />
      <line nr="229" mi="3" ci="0" mb="0" cb="0" />
      <line nr="230" mi="3" ci="0" mb="0" cb="0" />
      <line nr="233" mi="1" ci="0" mb="0" cb="0" />
      <line nr="235" mi="4" ci="0" mb="0" cb="0" />
      <line nr="239" mi="3" ci="0" mb="0" cb="0" />
      <line nr="242" mi="2" ci="0" mb="0" cb="0" />
      <line nr="243" mi="1" ci="0" mb="0" cb="0" />
      <line nr="244" mi="1" ci="0" mb="0" cb="0" />
      <line nr="300" mi="0" ci="1" mb="0" cb="0" />
      <line nr="302" mi="0" ci="1" mb="0" cb="0" />
      <line nr="303" mi="0" ci="1" mb="0" cb="0" />
      <line nr="304" mi="0" ci="1" mb="0" cb="0" />
      <line nr="307" mi="0" ci="1" mb="0" cb="0" />
      <line nr="309" mi="0" ci="1" mb="0" cb="0" />
      <line nr="310" mi="0" ci="1" mb="0" cb="0" />
      <line nr="312" mi="0" ci="1" mb="0" cb="0" />
      <line nr="313" mi="0" ci="1" mb="0" cb="0" />
      <line nr="314" mi="0" ci="2" mb="0" cb="0" />
      <line nr="316" mi="0" ci="1" mb="0" cb="0" />
      <line nr="321" mi="0" ci="1" mb="0" cb="0" />
      <line nr="325" mi="0" ci="1" mb="0" cb="0" />
      <line nr="326" mi="0" ci="1" mb="0" cb="0" />
      <line nr="328" mi="0" ci="1" mb="0" cb="0" />
      <line nr="329" mi="0" ci="1" mb="0" cb="0" />
      <line nr="330" mi="0" ci="1" mb="0" cb="0" />
      <line nr="332" mi="0" ci="3" mb="0" cb="0" />
      <line nr="334" mi="0" ci="2" mb="0" cb="0" />
      <line nr="335" mi="0" ci="1" mb="0" cb="0" />
      <line nr="336" mi="0" ci="1" mb="0" cb="0" />
      <line nr="352" mi="0" ci="1" mb="0" cb="0" />
      <line nr="355" mi="0" ci="1" mb="0" cb="0" />
      <line nr="356" mi="0" ci="1" mb="0" cb="0" />
      <line nr="359" mi="0" ci="1" mb="0" cb="0" />
      <line nr="360" mi="0" ci="1" mb="0" cb="0" />
      <line nr="362" mi="0" ci="1" mb="0" cb="0" />
      <line nr="363" mi="1" ci="2" mb="0" cb="0" />
      <line nr="364" mi="1" ci="2" mb="0" cb="0" />
      <line nr="369" mi="0" ci="1" mb="0" cb="0" />
      <line nr="370" mi="0" ci="3" mb="0" cb="0" />
      <line nr="371" mi="0" ci="3" mb="0" cb="0" />
      <line nr="372" mi="0" ci="3" mb="0" cb="0" />
      <line nr="373" mi="1" ci="2" mb="0" cb="0" />
      <line nr="374" mi="0" ci="3" mb="0" cb="0" />
      <line nr="375" mi="0" ci="3" mb="0" cb="0" />
      <line nr="376" mi="0" ci="3" mb="0" cb="0" />
      <line nr="377" mi="0" ci="3" mb="0" cb="0" />
      <line nr="381" mi="0" ci="1" mb="0" cb="0" />
      <line nr="383" mi="0" ci="1" mb="0" cb="0" />
      <line nr="388" mi="0" ci="1" mb="0" cb="0" />
      <line nr="389" mi="0" ci="1" mb="0" cb="0" />
      <line nr="390" mi="0" ci="1" mb="0" cb="0" />
      <line nr="393" mi="0" ci="1" mb="0" cb="0" />
      <line nr="394" mi="0" ci="1" mb="0" cb="0" />
      <line nr="395" mi="0" ci="1" mb="0" cb="0" />
      <line nr="398" mi="0" ci="1" mb="0" cb="0" />
      <line nr="399" mi="0" ci="1" mb="0" cb="0" />
      <line nr="402" mi="0" ci="1" mb="0" cb="0" />
      <line nr="403" mi="0" ci="1" mb="0" cb="0" />
      <line nr="405" mi="0" ci="1" mb="0" cb="0" />
      <line nr="406" mi="0" ci="3" mb="0" cb="0" />
      <line nr="407" mi="0" ci="3" mb="0" cb="0" />
      <line nr="412" mi="0" ci="1" mb="0" cb="0" />
      <line nr="413" mi="0" ci="3" mb="0" cb="0" />
      <line nr="414" mi="0" ci="3" mb="0" cb="0" />
      <line nr="415" mi="0" ci="3" mb="0" cb="0" />
      <line nr="416" mi="0" ci="3" mb="0" cb="0" />
      <line nr="417" mi="0" ci="3" mb="0" cb="0" />
      <line nr="418" mi="0" ci="3" mb="0" cb="0" />
      <line nr="419" mi="0" ci="3" mb="0" cb="0" />
      <line nr="420" mi="0" ci="3" mb="0" cb="0" />
      <line nr="424" mi="0" ci="1" mb="0" cb="0" />
      <line nr="426" mi="0" ci="1" mb="0" cb="0" />
      <counter type="INSTRUCTION" missed="38" covered="117" />
      <counter type="LINE" missed="20" covered="76" />
      <counter type="METHOD" missed="3" covered="4" />
      <counter type="CLASS" missed="1" covered="0" />
    </sourcefile>
    <counter type="INSTRUCTION" missed="38" covered="117" />
    <counter type="LINE" missed="20" covered="76" />
    <counter type="METHOD" missed="3" covered="4" />
    <counter type="CLASS" missed="1" covered="0" />
  </package>
  <counter type="INSTRUCTION" missed="38" covered="117" />
  <counter type="LINE" missed="20" covered="76" />
  <counter type="METHOD" missed="3" covered="4" />
  <counter type="CLASS" missed="1" covered="0" />
</report>
