<?xml version="1.0" encoding="UTF-8" standalone="no"?>
<!DOCTYPE report PUBLIC "-//JACOCO//DTD Report 1.1//EN" "report.dtd"[]>
<report name="Pester (08/06/2025 12:25:14)">
  <sessioninfo id="this" start="1754483111013" dump="1754483114463" />
  <package name="1.1.0">
    <class name="1.1.0/PSDigitalOcean" sourcefilename="PSDigitalOcean.psm1">
      <method name="Team" desc="()" line="10">
        <counter type="INSTRUCTION" missed="2" covered="0" />
        <counter type="LINE" missed="2" covered="0" />
        <counter type="METHOD" missed="1" covered="0" />
      </method>
      <method name="Account" desc="()" line="39">
        <counter type="INSTRUCTION" missed="9" covered="0" />
        <counter type="LINE" missed="9" covered="0" />
        <counter type="METHOD" missed="1" covered="0" />
      </method>
      <method name="Root" desc="()" line="57">
        <counter type="INSTRUCTION" missed="1" covered="0" />
        <counter type="LINE" missed="1" covered="0" />
        <counter type="METHOD" missed="1" covered="0" />
      </method>
      <method name="DigitalOceanImage" desc="()" line="83">
        <counter type="INSTRUCTION" missed="63" covered="0" />
        <counter type="LINE" missed="60" covered="0" />
        <counter type="METHOD" missed="1" covered="0" />
      </method>
      <method name="ToHashtable" desc="()" line="239">
        <counter type="INSTRUCTION" missed="21" covered="0" />
        <counter type="LINE" missed="21" covered="0" />
        <counter type="METHOD" missed="1" covered="0" />
      </method>
      <method name="ToString" desc="()" line="260">
        <counter type="INSTRUCTION" missed="9" covered="0" />
        <counter type="LINE" missed="3" covered="0" />
        <counter type="METHOD" missed="1" covered="0" />
      </method>
      <method name="DigitalOceanRegion" desc="()" line="276">
        <counter type="INSTRUCTION" missed="5" covered="0" />
        <counter type="LINE" missed="5" covered="0" />
        <counter type="METHOD" missed="1" covered="0" />
      </method>
      <method name="DigitalOceanSize" desc="()" line="327">
        <counter type="INSTRUCTION" missed="33" covered="0" />
        <counter type="LINE" missed="32" covered="0" />
        <counter type="METHOD" missed="1" covered="0" />
      </method>
      <method name="Get-DigitalOceanAPIAuthorizationBearerToken" desc="()" line="451">
        <counter type="INSTRUCTION" missed="1" covered="0" />
        <counter type="LINE" missed="1" covered="0" />
        <counter type="METHOD" missed="1" covered="0" />
      </method>
      <method name="Invoke-DigitalOceanAPI" desc="()" line="509">
        <counter type="INSTRUCTION" missed="26" covered="0" />
        <counter type="LINE" missed="15" covered="0" />
        <counter type="METHOD" missed="1" covered="0" />
      </method>
      <method name="Add-DigitalOceanAPIToken" desc="()" line="581">
        <counter type="INSTRUCTION" missed="5" covered="5" />
        <counter type="LINE" missed="4" covered="5" />
        <counter type="METHOD" missed="0" covered="1" />
      </method>
      <method name="Get-DigitalOceanAccount" desc="()" line="667">
        <counter type="INSTRUCTION" missed="108" covered="0" />
        <counter type="LINE" missed="64" covered="0" />
        <counter type="METHOD" missed="1" covered="0" />
      </method>
      <method name="Get-DigitalOceanImage" desc="()" line="861">
        <counter type="INSTRUCTION" missed="49" covered="0" />
        <counter type="LINE" missed="44" covered="0" />
        <counter type="METHOD" missed="1" covered="0" />
      </method>
      <method name="Get-DigitalOceanRegion" desc="()" line="1048">
        <counter type="INSTRUCTION" missed="43" covered="0" />
        <counter type="LINE" missed="39" covered="0" />
        <counter type="METHOD" missed="1" covered="0" />
      </method>
      <method name="Get-DigitalOceanSize" desc="()" line="1188">
        <counter type="INSTRUCTION" missed="47" covered="0" />
        <counter type="LINE" missed="42" covered="0" />
        <counter type="METHOD" missed="1" covered="0" />
      </method>
      <method name="New-DigitalOceanDroplet" desc="()" line="1360">
        <counter type="INSTRUCTION" missed="64" covered="0" />
        <counter type="LINE" missed="53" covered="0" />
        <counter type="METHOD" missed="1" covered="0" />
      </method>
      <counter type="INSTRUCTION" missed="486" covered="5" />
      <counter type="LINE" missed="395" covered="5" />
      <counter type="METHOD" missed="15" covered="1" />
      <counter type="CLASS" missed="1" covered="0" />
    </class>
    <sourcefile name="PSDigitalOcean.psm1">
      <line nr="10" mi="1" ci="0" mb="0" cb="0" />
      <line nr="11" mi="1" ci="0" mb="0" cb="0" />
      <line nr="39" mi="1" ci="0" mb="0" cb="0" />
      <line nr="40" mi="1" ci="0" mb="0" cb="0" />
      <line nr="41" mi="1" ci="0" mb="0" cb="0" />
      <line nr="42" mi="1" ci="0" mb="0" cb="0" />
      <line nr="43" mi="1" ci="0" mb="0" cb="0" />
      <line nr="44" mi="1" ci="0" mb="0" cb="0" />
      <line nr="45" mi="1" ci="0" mb="0" cb="0" />
      <line nr="46" mi="1" ci="0" mb="0" cb="0" />
      <line nr="47" mi="1" ci="0" mb="0" cb="0" />
      <line nr="57" mi="1" ci="0" mb="0" cb="0" />
      <line nr="83" mi="1" ci="0" mb="0" cb="0" />
      <line nr="84" mi="1" ci="0" mb="0" cb="0" />
      <line nr="85" mi="1" ci="0" mb="0" cb="0" />
      <line nr="86" mi="1" ci="0" mb="0" cb="0" />
      <line nr="87" mi="1" ci="0" mb="0" cb="0" />
      <line nr="88" mi="1" ci="0" mb="0" cb="0" />
      <line nr="89" mi="1" ci="0" mb="0" cb="0" />
      <line nr="90" mi="1" ci="0" mb="0" cb="0" />
      <line nr="91" mi="1" ci="0" mb="0" cb="0" />
      <line nr="92" mi="1" ci="0" mb="0" cb="0" />
      <line nr="93" mi="1" ci="0" mb="0" cb="0" />
      <line nr="94" mi="1" ci="0" mb="0" cb="0" />
      <line nr="95" mi="1" ci="0" mb="0" cb="0" />
      <line nr="96" mi="1" ci="0" mb="0" cb="0" />
      <line nr="102" mi="1" ci="0" mb="0" cb="0" />
      <line nr="104" mi="1" ci="0" mb="0" cb="0" />
      <line nr="108" mi="1" ci="0" mb="0" cb="0" />
      <line nr="110" mi="1" ci="0" mb="0" cb="0" />
      <line nr="112" mi="1" ci="0" mb="0" cb="0" />
      <line nr="116" mi="1" ci="0" mb="0" cb="0" />
      <line nr="118" mi="1" ci="0" mb="0" cb="0" />
      <line nr="120" mi="1" ci="0" mb="0" cb="0" />
      <line nr="124" mi="1" ci="0" mb="0" cb="0" />
      <line nr="126" mi="1" ci="0" mb="0" cb="0" />
      <line nr="128" mi="1" ci="0" mb="0" cb="0" />
      <line nr="132" mi="1" ci="0" mb="0" cb="0" />
      <line nr="134" mi="1" ci="0" mb="0" cb="0" />
      <line nr="136" mi="1" ci="0" mb="0" cb="0" />
      <line nr="140" mi="1" ci="0" mb="0" cb="0" />
      <line nr="142" mi="1" ci="0" mb="0" cb="0" />
      <line nr="144" mi="1" ci="0" mb="0" cb="0" />
      <line nr="148" mi="1" ci="0" mb="0" cb="0" />
      <line nr="151" mi="1" ci="0" mb="0" cb="0" />
      <line nr="154" mi="1" ci="0" mb="0" cb="0" />
      <line nr="155" mi="1" ci="0" mb="0" cb="0" />
      <line nr="157" mi="3" ci="0" mb="0" cb="0" />
      <line nr="161" mi="2" ci="0" mb="0" cb="0" />
      <line nr="166" mi="1" ci="0" mb="0" cb="0" />
      <line nr="170" mi="1" ci="0" mb="0" cb="0" />
      <line nr="174" mi="1" ci="0" mb="0" cb="0" />
      <line nr="178" mi="1" ci="0" mb="0" cb="0" />
      <line nr="183" mi="1" ci="0" mb="0" cb="0" />
      <line nr="186" mi="1" ci="0" mb="0" cb="0" />
      <line nr="188" mi="1" ci="0" mb="0" cb="0" />
      <line nr="192" mi="1" ci="0" mb="0" cb="0" />
      <line nr="194" mi="1" ci="0" mb="0" cb="0" />
      <line nr="196" mi="1" ci="0" mb="0" cb="0" />
      <line nr="200" mi="1" ci="0" mb="0" cb="0" />
      <line nr="202" mi="1" ci="0" mb="0" cb="0" />
      <line nr="204" mi="1" ci="0" mb="0" cb="0" />
      <line nr="208" mi="1" ci="0" mb="0" cb="0" />
      <line nr="210" mi="1" ci="0" mb="0" cb="0" />
      <line nr="212" mi="1" ci="0" mb="0" cb="0" />
      <line nr="216" mi="1" ci="0" mb="0" cb="0" />
      <line nr="218" mi="1" ci="0" mb="0" cb="0" />
      <line nr="220" mi="1" ci="0" mb="0" cb="0" />
      <line nr="224" mi="1" ci="0" mb="0" cb="0" />
      <line nr="226" mi="1" ci="0" mb="0" cb="0" />
      <line nr="228" mi="1" ci="0" mb="0" cb="0" />
      <line nr="232" mi="1" ci="0" mb="0" cb="0" />
      <line nr="239" mi="1" ci="0" mb="0" cb="0" />
      <line nr="240" mi="1" ci="0" mb="0" cb="0" />
      <line nr="241" mi="1" ci="0" mb="0" cb="0" />
      <line nr="242" mi="1" ci="0" mb="0" cb="0" />
      <line nr="243" mi="1" ci="0" mb="0" cb="0" />
      <line nr="244" mi="1" ci="0" mb="0" cb="0" />
      <line nr="245" mi="1" ci="0" mb="0" cb="0" />
      <line nr="246" mi="1" ci="0" mb="0" cb="0" />
      <line nr="247" mi="1" ci="0" mb="0" cb="0" />
      <line nr="248" mi="1" ci="0" mb="0" cb="0" />
      <line nr="249" mi="1" ci="0" mb="0" cb="0" />
      <line nr="250" mi="1" ci="0" mb="0" cb="0" />
      <line nr="251" mi="1" ci="0" mb="0" cb="0" />
      <line nr="252" mi="1" ci="0" mb="0" cb="0" />
      <line nr="253" mi="1" ci="0" mb="0" cb="0" />
      <line nr="260" mi="4" ci="0" mb="0" cb="0" />
      <line nr="276" mi="1" ci="0" mb="0" cb="0" />
      <line nr="277" mi="1" ci="0" mb="0" cb="0" />
      <line nr="278" mi="1" ci="0" mb="0" cb="0" />
      <line nr="279" mi="1" ci="0" mb="0" cb="0" />
      <line nr="280" mi="1" ci="0" mb="0" cb="0" />
      <line nr="288" mi="4" ci="0" mb="0" cb="0" />
      <line nr="293" mi="1" ci="0" mb="0" cb="0" />
      <line nr="294" mi="1" ci="0" mb="0" cb="0" />
      <line nr="295" mi="1" ci="0" mb="0" cb="0" />
      <line nr="296" mi="1" ci="0" mb="0" cb="0" />
      <line nr="297" mi="1" ci="0" mb="0" cb="0" />
      <line nr="298" mi="1" ci="0" mb="0" cb="0" />
      <line nr="327" mi="1" ci="0" mb="0" cb="0" />
      <line nr="329" mi="1" ci="0" mb="0" cb="0" />
      <line nr="333" mi="1" ci="0" mb="0" cb="0" />
      <line nr="335" mi="1" ci="0" mb="0" cb="0" />
      <line nr="337" mi="1" ci="0" mb="0" cb="0" />
      <line nr="341" mi="1" ci="0" mb="0" cb="0" />
      <line nr="343" mi="1" ci="0" mb="0" cb="0" />
      <line nr="345" mi="1" ci="0" mb="0" cb="0" />
      <line nr="349" mi="1" ci="0" mb="0" cb="0" />
      <line nr="351" mi="1" ci="0" mb="0" cb="0" />
      <line nr="353" mi="1" ci="0" mb="0" cb="0" />
      <line nr="357" mi="1" ci="0" mb="0" cb="0" />
      <line nr="359" mi="1" ci="0" mb="0" cb="0" />
      <line nr="361" mi="1" ci="0" mb="0" cb="0" />
      <line nr="365" mi="1" ci="0" mb="0" cb="0" />
      <line nr="367" mi="1" ci="0" mb="0" cb="0" />
      <line nr="369" mi="1" ci="0" mb="0" cb="0" />
      <line nr="373" mi="1" ci="0" mb="0" cb="0" />
      <line nr="375" mi="1" ci="0" mb="0" cb="0" />
      <line nr="377" mi="1" ci="0" mb="0" cb="0" />
      <line nr="381" mi="1" ci="0" mb="0" cb="0" />
      <line nr="383" mi="1" ci="0" mb="0" cb="0" />
      <line nr="385" mi="1" ci="0" mb="0" cb="0" />
      <line nr="387" mi="1" ci="0" mb="0" cb="0" />
      <line nr="391" mi="2" ci="0" mb="0" cb="0" />
      <line nr="396" mi="1" ci="0" mb="0" cb="0" />
      <line nr="398" mi="1" ci="0" mb="0" cb="0" />
      <line nr="400" mi="1" ci="0" mb="0" cb="0" />
      <line nr="404" mi="1" ci="0" mb="0" cb="0" />
      <line nr="406" mi="1" ci="0" mb="0" cb="0" />
      <line nr="408" mi="1" ci="0" mb="0" cb="0" />
      <line nr="412" mi="1" ci="0" mb="0" cb="0" />
      <line nr="418" mi="1" ci="0" mb="0" cb="0" />
      <line nr="451" mi="1" ci="0" mb="0" cb="0" />
      <line nr="509" mi="1" ci="0" mb="0" cb="0" />
      <line nr="511" mi="1" ci="0" mb="0" cb="0" />
      <line nr="513" mi="1" ci="0" mb="0" cb="0" />
      <line nr="516" mi="1" ci="0" mb="0" cb="0" />
      <line nr="517" mi="1" ci="0" mb="0" cb="0" />
      <line nr="518" mi="2" ci="0" mb="0" cb="0" />
      <line nr="521" mi="1" ci="0" mb="0" cb="0" />
      <line nr="523" mi="3" ci="0" mb="0" cb="0" />
      <line nr="524" mi="3" ci="0" mb="0" cb="0" />
      <line nr="527" mi="1" ci="0" mb="0" cb="0" />
      <line nr="529" mi="4" ci="0" mb="0" cb="0" />
      <line nr="533" mi="3" ci="0" mb="0" cb="0" />
      <line nr="536" mi="2" ci="0" mb="0" cb="0" />
      <line nr="537" mi="1" ci="0" mb="0" cb="0" />
      <line nr="538" mi="1" ci="0" mb="0" cb="0" />
      <line nr="581" mi="0" ci="1" mb="0" cb="0" />
      <line nr="585" mi="0" ci="1" mb="0" cb="0" />
      <line nr="588" mi="0" ci="1" mb="0" cb="0" />
      <line nr="589" mi="0" ci="1" mb="0" cb="0" />
      <line nr="594" mi="1" ci="0" mb="0" cb="0" />
      <line nr="595" mi="1" ci="0" mb="0" cb="0" />
      <line nr="597" mi="1" ci="0" mb="0" cb="0" />
      <line nr="600" mi="0" ci="1" mb="0" cb="0" />
      <line nr="604" mi="2" ci="0" mb="0" cb="0" />
      <line nr="667" mi="1" ci="0" mb="0" cb="0" />
      <line nr="669" mi="1" ci="0" mb="0" cb="0" />
      <line nr="670" mi="1" ci="0" mb="0" cb="0" />
      <line nr="671" mi="1" ci="0" mb="0" cb="0" />
      <line nr="674" mi="1" ci="0" mb="0" cb="0" />
      <line nr="676" mi="1" ci="0" mb="0" cb="0" />
      <line nr="677" mi="1" ci="0" mb="0" cb="0" />
      <line nr="679" mi="1" ci="0" mb="0" cb="0" />
      <line nr="680" mi="1" ci="0" mb="0" cb="0" />
      <line nr="681" mi="2" ci="0" mb="0" cb="0" />
      <line nr="683" mi="1" ci="0" mb="0" cb="0" />
      <line nr="688" mi="1" ci="0" mb="0" cb="0" />
      <line nr="692" mi="1" ci="0" mb="0" cb="0" />
      <line nr="693" mi="1" ci="0" mb="0" cb="0" />
      <line nr="695" mi="1" ci="0" mb="0" cb="0" />
      <line nr="696" mi="1" ci="0" mb="0" cb="0" />
      <line nr="697" mi="1" ci="0" mb="0" cb="0" />
      <line nr="699" mi="3" ci="0" mb="0" cb="0" />
      <line nr="701" mi="2" ci="0" mb="0" cb="0" />
      <line nr="702" mi="1" ci="0" mb="0" cb="0" />
      <line nr="703" mi="1" ci="0" mb="0" cb="0" />
      <line nr="719" mi="1" ci="0" mb="0" cb="0" />
      <line nr="722" mi="1" ci="0" mb="0" cb="0" />
      <line nr="723" mi="1" ci="0" mb="0" cb="0" />
      <line nr="726" mi="1" ci="0" mb="0" cb="0" />
      <line nr="727" mi="1" ci="0" mb="0" cb="0" />
      <line nr="729" mi="1" ci="0" mb="0" cb="0" />
      <line nr="730" mi="3" ci="0" mb="0" cb="0" />
      <line nr="731" mi="3" ci="0" mb="0" cb="0" />
      <line nr="736" mi="1" ci="0" mb="0" cb="0" />
      <line nr="737" mi="3" ci="0" mb="0" cb="0" />
      <line nr="738" mi="3" ci="0" mb="0" cb="0" />
      <line nr="739" mi="3" ci="0" mb="0" cb="0" />
      <line nr="740" mi="3" ci="0" mb="0" cb="0" />
      <line nr="741" mi="3" ci="0" mb="0" cb="0" />
      <line nr="742" mi="3" ci="0" mb="0" cb="0" />
      <line nr="743" mi="3" ci="0" mb="0" cb="0" />
      <line nr="744" mi="3" ci="0" mb="0" cb="0" />
      <line nr="748" mi="1" ci="0" mb="0" cb="0" />
      <line nr="750" mi="1" ci="0" mb="0" cb="0" />
      <line nr="755" mi="1" ci="0" mb="0" cb="0" />
      <line nr="756" mi="1" ci="0" mb="0" cb="0" />
      <line nr="757" mi="1" ci="0" mb="0" cb="0" />
      <line nr="760" mi="1" ci="0" mb="0" cb="0" />
      <line nr="761" mi="1" ci="0" mb="0" cb="0" />
      <line nr="762" mi="1" ci="0" mb="0" cb="0" />
      <line nr="765" mi="1" ci="0" mb="0" cb="0" />
      <line nr="766" mi="1" ci="0" mb="0" cb="0" />
      <line nr="769" mi="1" ci="0" mb="0" cb="0" />
      <line nr="770" mi="1" ci="0" mb="0" cb="0" />
      <line nr="772" mi="1" ci="0" mb="0" cb="0" />
      <line nr="773" mi="3" ci="0" mb="0" cb="0" />
      <line nr="774" mi="3" ci="0" mb="0" cb="0" />
      <line nr="779" mi="1" ci="0" mb="0" cb="0" />
      <line nr="780" mi="3" ci="0" mb="0" cb="0" />
      <line nr="781" mi="3" ci="0" mb="0" cb="0" />
      <line nr="782" mi="3" ci="0" mb="0" cb="0" />
      <line nr="783" mi="3" ci="0" mb="0" cb="0" />
      <line nr="784" mi="3" ci="0" mb="0" cb="0" />
      <line nr="785" mi="3" ci="0" mb="0" cb="0" />
      <line nr="786" mi="3" ci="0" mb="0" cb="0" />
      <line nr="787" mi="3" ci="0" mb="0" cb="0" />
      <line nr="791" mi="1" ci="0" mb="0" cb="0" />
      <line nr="793" mi="1" ci="0" mb="0" cb="0" />
      <line nr="861" mi="1" ci="0" mb="0" cb="0" />
      <line nr="863" mi="1" ci="0" mb="0" cb="0" />
      <line nr="864" mi="1" ci="0" mb="0" cb="0" />
      <line nr="865" mi="1" ci="0" mb="0" cb="0" />
      <line nr="868" mi="1" ci="0" mb="0" cb="0" />
      <line nr="870" mi="1" ci="0" mb="0" cb="0" />
      <line nr="871" mi="1" ci="0" mb="0" cb="0" />
      <line nr="873" mi="1" ci="0" mb="0" cb="0" />
      <line nr="875" mi="1" ci="0" mb="0" cb="0" />
      <line nr="877" mi="1" ci="0" mb="0" cb="0" />
      <line nr="880" mi="1" ci="0" mb="0" cb="0" />
      <line nr="881" mi="2" ci="0" mb="0" cb="0" />
      <line nr="883" mi="1" ci="0" mb="0" cb="0" />
      <line nr="887" mi="1" ci="0" mb="0" cb="0" />
      <line nr="889" mi="1" ci="0" mb="0" cb="0" />
      <line nr="890" mi="1" ci="0" mb="0" cb="0" />
      <line nr="892" mi="1" ci="0" mb="0" cb="0" />
      <line nr="893" mi="1" ci="0" mb="0" cb="0" />
      <line nr="894" mi="1" ci="0" mb="0" cb="0" />
      <line nr="896" mi="3" ci="0" mb="0" cb="0" />
      <line nr="898" mi="1" ci="0" mb="0" cb="0" />
      <line nr="899" mi="1" ci="0" mb="0" cb="0" />
      <line nr="912" mi="1" ci="0" mb="0" cb="0" />
      <line nr="915" mi="1" ci="0" mb="0" cb="0" />
      <line nr="917" mi="1" ci="0" mb="0" cb="0" />
      <line nr="918" mi="1" ci="0" mb="0" cb="0" />
      <line nr="920" mi="1" ci="0" mb="0" cb="0" />
      <line nr="922" mi="1" ci="0" mb="0" cb="0" />
      <line nr="927" mi="2" ci="0" mb="0" cb="0" />
      <line nr="933" mi="1" ci="0" mb="0" cb="0" />
      <line nr="934" mi="1" ci="0" mb="0" cb="0" />
      <line nr="935" mi="1" ci="0" mb="0" cb="0" />
      <line nr="938" mi="1" ci="0" mb="0" cb="0" />
      <line nr="940" mi="1" ci="0" mb="0" cb="0" />
      <line nr="943" mi="1" ci="0" mb="0" cb="0" />
      <line nr="945" mi="1" ci="0" mb="0" cb="0" />
      <line nr="947" mi="1" ci="0" mb="0" cb="0" />
      <line nr="950" mi="1" ci="0" mb="0" cb="0" />
      <line nr="953" mi="1" ci="0" mb="0" cb="0" />
      <line nr="955" mi="1" ci="0" mb="0" cb="0" />
      <line nr="956" mi="1" ci="0" mb="0" cb="0" />
      <line nr="958" mi="1" ci="0" mb="0" cb="0" />
      <line nr="960" mi="1" ci="0" mb="0" cb="0" />
      <line nr="965" mi="2" ci="0" mb="0" cb="0" />
      <line nr="1048" mi="1" ci="0" mb="0" cb="0" />
      <line nr="1050" mi="1" ci="0" mb="0" cb="0" />
      <line nr="1051" mi="1" ci="0" mb="0" cb="0" />
      <line nr="1052" mi="1" ci="0" mb="0" cb="0" />
      <line nr="1055" mi="1" ci="0" mb="0" cb="0" />
      <line nr="1057" mi="1" ci="0" mb="0" cb="0" />
      <line nr="1058" mi="1" ci="0" mb="0" cb="0" />
      <line nr="1060" mi="1" ci="0" mb="0" cb="0" />
      <line nr="1062" mi="1" ci="0" mb="0" cb="0" />
      <line nr="1064" mi="1" ci="0" mb="0" cb="0" />
      <line nr="1068" mi="1" ci="0" mb="0" cb="0" />
      <line nr="1069" mi="1" ci="0" mb="0" cb="0" />
      <line nr="1072" mi="1" ci="0" mb="0" cb="0" />
      <line nr="1074" mi="1" ci="0" mb="0" cb="0" />
      <line nr="1078" mi="1" ci="0" mb="0" cb="0" />
      <line nr="1080" mi="1" ci="0" mb="0" cb="0" />
      <line nr="1081" mi="1" ci="0" mb="0" cb="0" />
      <line nr="1083" mi="1" ci="0" mb="0" cb="0" />
      <line nr="1084" mi="1" ci="0" mb="0" cb="0" />
      <line nr="1085" mi="1" ci="0" mb="0" cb="0" />
      <line nr="1087" mi="3" ci="0" mb="0" cb="0" />
      <line nr="1089" mi="1" ci="0" mb="0" cb="0" />
      <line nr="1091" mi="1" ci="0" mb="0" cb="0" />
      <line nr="1093" mi="1" ci="0" mb="0" cb="0" />
      <line nr="1095" mi="1" ci="0" mb="0" cb="0" />
      <line nr="1105" mi="2" ci="0" mb="0" cb="0" />
      <line nr="1106" mi="1" ci="0" mb="0" cb="0" />
      <line nr="1111" mi="1" ci="0" mb="0" cb="0" />
      <line nr="1112" mi="1" ci="0" mb="0" cb="0" />
      <line nr="1113" mi="1" ci="0" mb="0" cb="0" />
      <line nr="1116" mi="1" ci="0" mb="0" cb="0" />
      <line nr="1117" mi="1" ci="0" mb="0" cb="0" />
      <line nr="1119" mi="1" ci="0" mb="0" cb="0" />
      <line nr="1121" mi="1" ci="0" mb="0" cb="0" />
      <line nr="1125" mi="1" ci="0" mb="0" cb="0" />
      <line nr="1126" mi="1" ci="0" mb="0" cb="0" />
      <line nr="1128" mi="1" ci="0" mb="0" cb="0" />
      <line nr="1131" mi="2" ci="0" mb="0" cb="0" />
      <line nr="1132" mi="1" ci="0" mb="0" cb="0" />
      <line nr="1188" mi="1" ci="0" mb="0" cb="0" />
      <line nr="1190" mi="1" ci="0" mb="0" cb="0" />
      <line nr="1191" mi="1" ci="0" mb="0" cb="0" />
      <line nr="1192" mi="1" ci="0" mb="0" cb="0" />
      <line nr="1195" mi="1" ci="0" mb="0" cb="0" />
      <line nr="1197" mi="1" ci="0" mb="0" cb="0" />
      <line nr="1198" mi="1" ci="0" mb="0" cb="0" />
      <line nr="1200" mi="1" ci="0" mb="0" cb="0" />
      <line nr="1202" mi="1" ci="0" mb="0" cb="0" />
      <line nr="1204" mi="1" ci="0" mb="0" cb="0" />
      <line nr="1207" mi="1" ci="0" mb="0" cb="0" />
      <line nr="1208" mi="2" ci="0" mb="0" cb="0" />
      <line nr="1210" mi="1" ci="0" mb="0" cb="0" />
      <line nr="1214" mi="1" ci="0" mb="0" cb="0" />
      <line nr="1216" mi="1" ci="0" mb="0" cb="0" />
      <line nr="1217" mi="1" ci="0" mb="0" cb="0" />
      <line nr="1219" mi="1" ci="0" mb="0" cb="0" />
      <line nr="1220" mi="1" ci="0" mb="0" cb="0" />
      <line nr="1221" mi="1" ci="0" mb="0" cb="0" />
      <line nr="1223" mi="3" ci="0" mb="0" cb="0" />
      <line nr="1225" mi="1" ci="0" mb="0" cb="0" />
      <line nr="1226" mi="1" ci="0" mb="0" cb="0" />
      <line nr="1239" mi="1" ci="0" mb="0" cb="0" />
      <line nr="1242" mi="1" ci="0" mb="0" cb="0" />
      <line nr="1244" mi="1" ci="0" mb="0" cb="0" />
      <line nr="1245" mi="1" ci="0" mb="0" cb="0" />
      <line nr="1247" mi="1" ci="0" mb="0" cb="0" />
      <line nr="1249" mi="1" ci="0" mb="0" cb="0" />
      <line nr="1254" mi="2" ci="0" mb="0" cb="0" />
      <line nr="1260" mi="1" ci="0" mb="0" cb="0" />
      <line nr="1261" mi="1" ci="0" mb="0" cb="0" />
      <line nr="1262" mi="1" ci="0" mb="0" cb="0" />
      <line nr="1265" mi="1" ci="0" mb="0" cb="0" />
      <line nr="1267" mi="1" ci="0" mb="0" cb="0" />
      <line nr="1269" mi="1" ci="0" mb="0" cb="0" />
      <line nr="1272" mi="1" ci="0" mb="0" cb="0" />
      <line nr="1275" mi="1" ci="0" mb="0" cb="0" />
      <line nr="1277" mi="1" ci="0" mb="0" cb="0" />
      <line nr="1278" mi="1" ci="0" mb="0" cb="0" />
      <line nr="1280" mi="1" ci="0" mb="0" cb="0" />
      <line nr="1282" mi="1" ci="0" mb="0" cb="0" />
      <line nr="1287" mi="2" ci="0" mb="0" cb="0" />
      <line nr="1360" mi="1" ci="0" mb="0" cb="0" />
      <line nr="1395" mi="1" ci="0" mb="0" cb="0" />
      <line nr="1400" mi="1" ci="0" mb="0" cb="0" />
      <line nr="1403" mi="1" ci="0" mb="0" cb="0" />
      <line nr="1404" mi="1" ci="0" mb="0" cb="0" />
      <line nr="1405" mi="1" ci="0" mb="0" cb="0" />
      <line nr="1406" mi="1" ci="0" mb="0" cb="0" />
      <line nr="1408" mi="1" ci="0" mb="0" cb="0" />
      <line nr="1409" mi="2" ci="0" mb="0" cb="0" />
      <line nr="1410" mi="1" ci="0" mb="0" cb="0" />
      <line nr="1412" mi="1" ci="0" mb="0" cb="0" />
      <line nr="1413" mi="2" ci="0" mb="0" cb="0" />
      <line nr="1416" mi="1" ci="0" mb="0" cb="0" />
      <line nr="1423" mi="1" ci="0" mb="0" cb="0" />
      <line nr="1426" mi="1" ci="0" mb="0" cb="0" />
      <line nr="1427" mi="1" ci="0" mb="0" cb="0" />
      <line nr="1428" mi="1" ci="0" mb="0" cb="0" />
      <line nr="1429" mi="1" ci="0" mb="0" cb="0" />
      <line nr="1431" mi="1" ci="0" mb="0" cb="0" />
      <line nr="1432" mi="1" ci="0" mb="0" cb="0" />
      <line nr="1433" mi="2" ci="0" mb="0" cb="0" />
      <line nr="1434" mi="1" ci="0" mb="0" cb="0" />
      <line nr="1436" mi="1" ci="0" mb="0" cb="0" />
      <line nr="1437" mi="2" ci="0" mb="0" cb="0" />
      <line nr="1440" mi="1" ci="0" mb="0" cb="0" />
      <line nr="1444" mi="1" ci="0" mb="0" cb="0" />
      <line nr="1450" mi="1" ci="0" mb="0" cb="0" />
      <line nr="1451" mi="2" ci="0" mb="0" cb="0" />
      <line nr="1453" mi="1" ci="0" mb="0" cb="0" />
      <line nr="1454" mi="1" ci="0" mb="0" cb="0" />
      <line nr="1455" mi="1" ci="0" mb="0" cb="0" />
      <line nr="1456" mi="1" ci="0" mb="0" cb="0" />
      <line nr="1459" mi="1" ci="0" mb="0" cb="0" />
      <line nr="1461" mi="3" ci="0" mb="0" cb="0" />
      <line nr="1463" mi="1" ci="0" mb="0" cb="0" />
      <line nr="1465" mi="1" ci="0" mb="0" cb="0" />
      <line nr="1467" mi="1" ci="0" mb="0" cb="0" />
      <line nr="1469" mi="1" ci="0" mb="0" cb="0" />
      <line nr="1471" mi="1" ci="0" mb="0" cb="0" />
      <line nr="1473" mi="1" ci="0" mb="0" cb="0" />
      <line nr="1475" mi="1" ci="0" mb="0" cb="0" />
      <line nr="1477" mi="1" ci="0" mb="0" cb="0" />
      <line nr="1479" mi="1" ci="0" mb="0" cb="0" />
      <line nr="1481" mi="1" ci="0" mb="0" cb="0" />
      <line nr="1483" mi="1" ci="0" mb="0" cb="0" />
      <line nr="1485" mi="1" ci="0" mb="0" cb="0" />
      <line nr="1494" mi="3" ci="0" mb="0" cb="0" />
      <line nr="1496" mi="3" ci="0" mb="0" cb="0" />
      <line nr="1497" mi="1" ci="0" mb="0" cb="0" />
      <line nr="1498" mi="1" ci="0" mb="0" cb="0" />
      <line nr="1503" mi="1" ci="0" mb="0" cb="0" />
      <line nr="1504" mi="1" ci="0" mb="0" cb="0" />
      <line nr="1505" mi="1" ci="0" mb="0" cb="0" />
      <counter type="INSTRUCTION" missed="486" covered="5" />
      <counter type="LINE" missed="395" covered="5" />
      <counter type="METHOD" missed="15" covered="1" />
      <counter type="CLASS" missed="1" covered="0" />
    </sourcefile>
    <counter type="INSTRUCTION" missed="486" covered="5" />
    <counter type="LINE" missed="395" covered="5" />
    <counter type="METHOD" missed="15" covered="1" />
    <counter type="CLASS" missed="1" covered="0" />
  </package>
  <counter type="INSTRUCTION" missed="486" covered="5" />
  <counter type="LINE" missed="395" covered="5" />
  <counter type="METHOD" missed="15" covered="1" />
  <counter type="CLASS" missed="1" covered="0" />
</report>
